[    0.000000] Linux version 4.15.0-51-generic (buildd@lgw01-amd64-059) (gcc version 7.3.0 (Ubuntu 7.3.0-16ubuntu3)) #55-Ubuntu SMP Wed May 15 14:27:21 UTC 2019 (Ubuntu 4.15.0-51.55-generic 4.15.18)
[    0.000000] Command line: BOOT_IMAGE=/boot/vmlinuz-4.15.0-51-generic root=LABEL=cloudimg-rootfs ro console=tty1 console=ttyS0
[    0.000000] KERNEL supported cpus:
[    0.000000]   Intel GenuineIntel
[    0.000000]   AMD AuthenticAMD
[    0.000000]   Centaur CentaurHauls
[    0.000000] x86/fpu: Supporting XSAVE feature 0x001: 'x87 floating point registers'
[    0.000000] x86/fpu: Supporting XSAVE feature 0x002: 'SSE registers'
[    0.000000] x86/fpu: Supporting XSAVE feature 0x004: 'AVX registers'
[    0.000000] x86/fpu: xstate_offset[2]:  576, xstate_sizes[2]:  256
[    0.000000] x86/fpu: Enabled xstate features 0x7, context size is 832 bytes, using 'standard' format.
[    0.000000] e820: BIOS-provided physical RAM map:
[    0.000000] BIOS-e820: [mem 0x0000000000000000-0x000000000009fbff] usable
[    0.000000] BIOS-e820: [mem 0x000000000009fc00-0x000000000009ffff] reserved
[    0.000000] BIOS-e820: [mem 0x00000000000f0000-0x00000000000fffff] reserved
[    0.000000] BIOS-e820: [mem 0x0000000000100000-0x000000001ffeffff] usable
[    0.000000] BIOS-e820: [mem 0x000000001fff0000-0x000000001fffffff] ACPI data
[    0.000000] BIOS-e820: [mem 0x00000000fec00000-0x00000000fec00fff] reserved
[    0.000000] BIOS-e820: [mem 0x00000000fee00000-0x00000000fee00fff] reserved
[    0.000000] BIOS-e820: [mem 0x00000000fffc0000-0x00000000ffffffff] reserved
[    0.000000] NX (Execute Disable) protection: active
[    0.000000] SMBIOS 2.5 present.
[    0.000000] DMI: innotek GmbH VirtualBox/VirtualBox, BIOS VirtualBox 12/01/2006
[    0.000000] Hypervisor detected: KVM
[    0.000000] e820: last_pfn = 0x1fff0 max_arch_pfn = 0x400000000
[    0.000000] MTRR: Disabled
[    0.000000] x86/PAT: MTRRs disabled, skipping PAT initialization too.
[    0.000000] CPU MTRRs all blank - virtualized system.
[    0.000000] x86/PAT: Configuration [0-7]: WB  WT  UC- UC  WB  WT  UC- UC  
[    0.000000] found SMP MP-table at [mem 0x0009fff0-0x0009ffff] mapped at [        (ptrval)]
[    0.000000] Scanning 1 areas for low memory corruption
[    0.000000] RAMDISK: [mem 0x1dc50000-0x1eed8fff]
[    0.000000] ACPI: Early table checksum verification disabled
[    0.000000] ACPI: RSDP 0x00000000000E0000 000024 (v02 VBOX  )
[    0.000000] ACPI: XSDT 0x000000001FFF0030 00003C (v01 VBOX   VBOXXSDT 00000001 ASL  00000061)
[    0.000000] ACPI: FACP 0x000000001FFF00F0 0000F4 (v04 VBOX   VBOXFACP 00000001 ASL  00000061)
[    0.000000] ACPI: DSDT 0x000000001FFF0470 0022EA (v02 VBOX   VBOXBIOS 00000002 INTL 20100528)
[    0.000000] ACPI: FACS 0x000000001FFF0200 000040
[    0.000000] ACPI: FACS 0x000000001FFF0200 000040
[    0.000000] ACPI: APIC 0x000000001FFF0240 00005C (v02 VBOX   VBOXAPIC 00000001 ASL  00000061)
[    0.000000] ACPI: SSDT 0x000000001FFF02A0 0001CC (v01 VBOX   VBOXCPUT 00000002 INTL 20100528)
[    0.000000] No NUMA configuration found
[    0.000000] Faking a node at [mem 0x0000000000000000-0x000000001ffeffff]
[    0.000000] NODE_DATA(0) allocated [mem 0x1ffc5000-0x1ffeffff]
[    0.000000] kvm-clock: cpu 0, msr 0:1ff44001, primary cpu clock
[    0.000000] kvm-clock: Using msrs 4b564d01 and 4b564d00
[    0.000000] kvm-clock: using sched offset of 3614996989 cycles
[    0.000000] clocksource: kvm-clock: mask: 0xffffffffffffffff max_cycles: 0x1cd42e4dffb, max_idle_ns: 881590591483 ns
[    0.000000] Zone ranges:
[    0.000000]   DMA      [mem 0x0000000000001000-0x0000000000ffffff]
[    0.000000]   DMA32    [mem 0x0000000001000000-0x000000001ffeffff]
[    0.000000]   Normal   empty
[    0.000000]   Device   empty
[    0.000000] Movable zone start for each node
[    0.000000] Early memory node ranges
[    0.000000]   node   0: [mem 0x0000000000001000-0x000000000009efff]
[    0.000000]   node   0: [mem 0x0000000000100000-0x000000001ffeffff]
[    0.000000] Reserved but unavailable: 114 pages
[    0.000000] Initmem setup node 0 [mem 0x0000000000001000-0x000000001ffeffff]
[    0.000000] ACPI: PM-Timer IO Port: 0x4008
[    0.000000] IOAPIC[0]: apic_id 2, version 32, address 0xfec00000, GSI 0-23
[    0.000000] ACPI: INT_SRC_OVR (bus 0 bus_irq 0 global_irq 2 dfl dfl)
[    0.000000] ACPI: INT_SRC_OVR (bus 0 bus_irq 9 global_irq 9 low level)
[    0.000000] Using ACPI (MADT) for SMP configuration information
[    0.000000] smpboot: Allowing 2 CPUs, 0 hotplug CPUs
[    0.000000] PM: Registered nosave memory: [mem 0x00000000-0x00000fff]
[    0.000000] PM: Registered nosave memory: [mem 0x0009f000-0x0009ffff]
[    0.000000] PM: Registered nosave memory: [mem 0x000a0000-0x000effff]
[    0.000000] PM: Registered nosave memory: [mem 0x000f0000-0x000fffff]
[    0.000000] e820: [mem 0x20000000-0xfebfffff] available for PCI devices
[    0.000000] Booting paravirtualized kernel on KVM
[    0.000000] clocksource: refined-jiffies: mask: 0xffffffff max_cycles: 0xffffffff, max_idle_ns: 7645519600211568 ns
[    0.000000] random: get_random_bytes called from start_kernel+0x99/0x4fd with crng_init=0
[    0.000000] setup_percpu: NR_CPUS:8192 nr_cpumask_bits:2 nr_cpu_ids:2 nr_node_ids:1
[    0.000000] percpu: Embedded 46 pages/cpu @        (ptrval) s151552 r8192 d28672 u1048576
[    0.000000] PV qspinlock hash table entries: 256 (order: 0, 4096 bytes)
[    0.000000] Built 1 zonelists, mobility grouping on.  Total pages: 128889
[    0.000000] Policy zone: DMA32
[    0.000000] Kernel command line: BOOT_IMAGE=/boot/vmlinuz-4.15.0-51-generic root=LABEL=cloudimg-rootfs ro console=tty1 console=ttyS0
[    0.000000] Memory: 467508K/523832K available (12300K kernel code, 2473K rwdata, 4272K rodata, 2408K init, 2416K bss, 56324K reserved, 0K cma-reserved)
[    0.000000] SLUB: HWalign=64, Order=0-3, MinObjects=0, CPUs=2, Nodes=1
[    0.000000] Kernel/User page tables isolation: enabled
[    0.000000] ftrace: allocating 39215 entries in 154 pages
[    0.004000] Hierarchical RCU implementation.
[    0.004000] 	RCU restricting CPUs from NR_CPUS=8192 to nr_cpu_ids=2.
[    0.004000] 	Tasks RCU enabled.
[    0.004000] RCU: Adjusting geometry for rcu_fanout_leaf=16, nr_cpu_ids=2
[    0.004000] NR_IRQS: 524544, nr_irqs: 440, preallocated irqs: 16
[    0.004000] Console: colour VGA+ 80x25
[    0.004000] console [tty1] enabled
[    0.004000] console [ttyS0] enabled
[    0.004000] ACPI: Core revision 20170831
[    0.004000] ACPI: 2 ACPI AML tables successfully acquired and loaded
[    0.004000] APIC: Switch to symmetric I/O mode setup
[    0.004000] x2apic enabled
[    0.004000] Switched APIC routing to physical x2apic.
[    0.004000] ..TIMER: vector=0x30 apic1=0 pin1=2 apic2=-1 pin2=-1
[    0.004000] tsc: Detected 2303.998 MHz processor
[    0.004007] Calibrating delay loop (skipped) preset value.. 4607.99 BogoMIPS (lpj=9215992)
[    0.005406] pid_max: default: 32768 minimum: 301
[    0.006505] Security Framework initialized
[    0.007262] Yama: becoming mindful.
[    0.008015] AppArmor: AppArmor initialized
[    0.008691] Dentry cache hash table entries: 65536 (order: 7, 524288 bytes)
[    0.009784] Inode-cache hash table entries: 32768 (order: 6, 262144 bytes)
[    0.010808] Mount-cache hash table entries: 1024 (order: 1, 8192 bytes)
[    0.012002] Mountpoint-cache hash table entries: 1024 (order: 1, 8192 bytes)
[    0.013953] mce: CPU supports 0 MCE banks
[    0.015079] Last level iTLB entries: 4KB 64, 2MB 8, 4MB 8
[    0.016001] Last level dTLB entries: 4KB 64, 2MB 0, 4MB 0, 1GB 4
[    0.017443] Spectre V2 : Mitigation: Full generic retpoline
[    0.018369] Spectre V2 : Spectre v2 / SpectreRSB mitigation: Filling RSB on context switch
[    0.020001] Speculative Store Bypass: Vulnerable
[    0.020739] MDS: Mitigation: Clear CPU buffers
[    0.021678] Freeing SMP alternatives memory: 36K
[    0.028000] smpboot: CPU0: Intel(R) Core(TM) i9-9880H CPU @ 2.30GHz (family: 0x6, model: 0x9e, stepping: 0xd)
[    0.028000] Performance Events: unsupported p6 CPU model 158 no PMU driver, software events only.
[    0.028000] Hierarchical SRCU implementation.
[    0.028401] NMI watchdog: Perf event create on CPU 0 failed with -2
[    0.029362] NMI watchdog: Perf NMI watchdog permanently disabled
[    0.030308] smp: Bringing up secondary CPUs ...
[    0.031083] x86: Booting SMP configuration:
[    0.032002] .... node  #0, CPUs:      #1
[    0.004000] kvm-clock: cpu 1, msr 0:1ff44041, secondary cpu clock
[    0.004000] mce: CPU supports 0 MCE banks
[    0.038009] smp: Brought up 1 node, 2 CPUs
[    0.038009] smpboot: Max logical packages: 1
[    0.038009] smpboot: Total of 2 processors activated (9215.99 BogoMIPS)
[    0.040072] devtmpfs: initialized
[    0.040559] x86/mm: Memory block size: 128MB
[    0.041871] evm: security.selinux
[    0.042475] evm: security.SMACK64
[    0.043010] evm: security.SMACK64EXEC
[    0.044002] evm: security.SMACK64TRANSMUTE
[    0.044714] evm: security.SMACK64MMAP
[    0.045291] evm: security.apparmor
[    0.046024] evm: security.ima
[    0.046768] evm: security.capability
[    0.047350] clocksource: jiffies: mask: 0xffffffff max_cycles: 0xffffffff, max_idle_ns: 7645041785100000 ns
[    0.048005] futex hash table entries: 512 (order: 3, 32768 bytes)
[    0.049023] pinctrl core: initialized pinctrl subsystem
[    0.049912] RTC time: 11:32:06, date: 06/08/20
[    0.052049] NET: Registered protocol family 16
[    0.052762] audit: initializing netlink subsys (disabled)
[    0.053746] audit: type=2000 audit(1591615931.673:1): state=initialized audit_enabled=0 res=1
[    0.053746] cpuidle: using governor ladder
[    0.056007] cpuidle: using governor menu
[    0.056710] ACPI: bus type PCI registered
[    0.057333] acpiphp: ACPI Hot Plug PCI Controller Driver version: 0.5
[    0.058470] PCI: Using configuration type 1 for base access
[    0.060687] HugeTLB registered 2.00 MiB page size, pre-allocated 0 pages
[    0.061060] ACPI: Added _OSI(Module Device)
[    0.061889] ACPI: Added _OSI(Processor Device)
[    0.064005] ACPI: Added _OSI(3.0 _SCP Extensions)
[    0.065018] ACPI: Added _OSI(Processor Aggregator Device)
[    0.066099] ACPI: Added _OSI(Linux-Dell-Video)
[    0.067082] ACPI: Added _OSI(Linux-Lenovo-NV-HDMI-Audio)
[    0.068003] ACPI: Added _OSI(Linux-HPI-Hybrid-Graphics)
[    0.069400] ACPI: Executed 1 blocks of module-level executable AML code
[    0.076067] ACPI: Interpreter enabled
[    0.077330] ACPI: (supports S0 S5)
[    0.078544] ACPI: Using IOAPIC for interrupt routing
[    0.080163] PCI: Using host bridge windows from ACPI; if necessary, use "pci=nocrs" and report a bug
[    0.083259] ACPI: Enabled 2 GPEs in block 00 to 07
[    0.091910] ACPI: PCI Root Bridge [PCI0] (domain 0000 [bus 00-ff])
[    0.092006] acpi PNP0A03:00: _OSC: OS supports [ASPM ClockPM Segments MSI]
[    0.094151] acpi PNP0A03:00: _OSC: not requesting OS control; OS requires [ExtendedConfig ASPM ClockPM MSI]
[    0.096010] acpi PNP0A03:00: fail to add MMCONFIG information, can't access extended PCI configuration space under this bridge.
[    0.100460] PCI host bridge to bus 0000:00
[    0.101176] pci_bus 0000:00: root bus resource [io  0x0000-0x0cf7 window]
[    0.102530] pci_bus 0000:00: root bus resource [io  0x0d00-0xffff window]
[    0.104004] pci_bus 0000:00: root bus resource [mem 0x000a0000-0x000bffff window]
[    0.105610] pci_bus 0000:00: root bus resource [mem 0x20000000-0xfdffffff window]
[    0.108003] pci_bus 0000:00: root bus resource [bus 00-ff]
[    0.111328] pci 0000:00:01.1: legacy IDE quirk: reg 0x10: [io  0x01f0-0x01f7]
[    0.112002] pci 0000:00:01.1: legacy IDE quirk: reg 0x14: [io  0x03f6]
[    0.113139] pci 0000:00:01.1: legacy IDE quirk: reg 0x18: [io  0x0170-0x0177]
[    0.114645] pci 0000:00:01.1: legacy IDE quirk: reg 0x1c: [io  0x0376]
[    0.126069] pci 0000:00:07.0: quirk: [io  0x4000-0x403f] claimed by PIIX4 ACPI
[    0.127661] pci 0000:00:07.0: quirk: [io  0x4100-0x410f] claimed by PIIX4 SMB
[    0.135194] ACPI: PCI Interrupt Link [LNKA] (IRQs 5 9 10 *11)
[    0.136230] ACPI: PCI Interrupt Link [LNKB] (IRQs 5 9 *10 11)
[    0.137571] ACPI: PCI Interrupt Link [LNKC] (IRQs 5 *9 10 11)
[    0.138625] ACPI: PCI Interrupt Link [LNKD] (IRQs 5 9 10 *11)
[    0.140219] SCSI subsystem initialized
[    0.140988] pci 0000:00:02.0: vgaarb: setting as boot VGA device
[    0.141561] pci 0000:00:02.0: vgaarb: VGA device added: decodes=io+mem,owns=io+mem,locks=none
[    0.144007] pci 0000:00:02.0: vgaarb: bridge control possible
[    0.145387] vgaarb: loaded
[    0.145856] ACPI: bus type USB registered
[    0.148015] usbcore: registered new interface driver usbfs
[    0.148956] usbcore: registered new interface driver hub
[    0.149786] usbcore: registered new device driver usb
[    0.150640] EDAC MC: Ver: 3.0.0
[    0.150640] PCI: Using ACPI for IRQ routing
[    0.152275] NetLabel: Initializing
[    0.152845] NetLabel:  domain hash size = 128
[    0.153533] NetLabel:  protocols = UNLABELED CIPSOv4 CALIPSO
[    0.154428] NetLabel:  unlabeled traffic allowed by default
[    0.155301] clocksource: Switched to clocksource kvm-clock
[    0.162453] VFS: Disk quotas dquot_6.6.0
[    0.163709] VFS: Dquot-cache hash table entries: 512 (order 0, 4096 bytes)
[    0.165877] AppArmor: AppArmor Filesystem Enabled
[    0.166928] pnp: PnP ACPI init
[    0.168481] pnp: PnP ACPI: found 3 devices
[    0.177441] clocksource: acpi_pm: mask: 0xffffff max_cycles: 0xffffff, max_idle_ns: 2085701024 ns
[    0.179570] NET: Registered protocol family 2
[    0.180444] TCP established hash table entries: 4096 (order: 3, 32768 bytes)
[    0.181693] TCP bind hash table entries: 4096 (order: 4, 65536 bytes)
[    0.182690] TCP: Hash tables configured (established 4096 bind 4096)
[    0.183812] UDP hash table entries: 256 (order: 1, 8192 bytes)
[    0.184752] UDP-Lite hash table entries: 256 (order: 1, 8192 bytes)
[    0.186138] NET: Registered protocol family 1
[    0.186841] pci 0000:00:00.0: Limiting direct PCI/PCI transfers
[    0.187781] pci 0000:00:01.0: Activating ISA DMA hang workarounds
[    0.188898] pci 0000:00:02.0: Video device with shadowed ROM at [mem 0x000c0000-0x000dffff]
[    0.190317] Unpacking initramfs...
[    0.414669] Freeing initrd memory: 18980K
[    0.415977] clocksource: tsc: mask: 0xffffffffffffffff max_cycles: 0x2135f5e6f15, max_idle_ns: 440795231538 ns
[    0.417838] platform rtc_cmos: registered platform RTC device (no PNP device found)
[    0.419731] Scanning for low memory corruption every 60 seconds
[    0.421849] Initialise system trusted keyrings
[    0.423042] Key type blacklist registered
[    0.423775] workingset: timestamp_bits=36 max_order=17 bucket_order=0
[    0.425527] zbud: loaded
[    0.426312] squashfs: version 4.0 (2009/01/31) Phillip Lougher
[    0.427297] fuse init (API version 7.26)
[    0.430924] Key type asymmetric registered
[    0.431554] Asymmetric key parser 'x509' registered
[    0.432504] Block layer SCSI generic (bsg) driver version 0.4 loaded (major 246)
[    0.433836] io scheduler noop registered
[    0.434461] io scheduler deadline registered
[    0.435230] io scheduler cfq registered (default)
[    0.436449] ACPI: AC Adapter [AC] (off-line)
[    0.437703] input: Power Button as /devices/LNXSYSTM:00/LNXPWRBN:00/input/input0
[    0.438953] ACPI: Power Button [PWRF]
[    0.439638] input: Sleep Button as /devices/LNXSYSTM:00/LNXSLPBN:00/input/input1
[    0.440835] ACPI: Sleep Button [SLPF]
[    0.443175] ACPI: Battery Slot [BAT0] (battery present)
[    0.444125] Serial: 8250/16550 driver, 32 ports, IRQ sharing enabled
[    0.464872] 00:02: ttyS0 at I/O 0x3f8 (irq = 4, base_baud = 115200) is a 16550A
[    0.468944] Linux agpgart interface v0.103
[    0.472600] loop: module loaded
[    0.473546] scsi host0: ata_piix
[    0.474223] scsi host1: ata_piix
[    0.474846] ata1: PATA max UDMA/33 cmd 0x1f0 ctl 0x3f6 bmdma 0xd000 irq 14
[    0.475886] ata2: PATA max UDMA/33 cmd 0x170 ctl 0x376 bmdma 0xd008 irq 15
[    0.477168] libphy: Fixed MDIO Bus: probed
[    0.478205] tun: Universal TUN/TAP device driver, 1.6
[    0.479014] PPP generic driver version 2.4.2
[    0.480298] ehci_hcd: USB 2.0 'Enhanced' Host Controller (EHCI) Driver
[    0.481867] ehci-pci: EHCI PCI platform driver
[    0.482588] ehci-platform: EHCI generic platform driver
[    0.483392] ohci_hcd: USB 1.1 'Open' Host Controller (OHCI) Driver
[    0.485548] ohci-pci: OHCI PCI platform driver
[    0.486233] ohci-platform: OHCI generic platform driver
[    0.487083] uhci_hcd: USB Universal Host Controller Interface driver
[    0.488092] i8042: PNP: PS/2 Controller [PNP0303:PS2K,PNP0f03:PS2M] at 0x60,0x64 irq 1,12
[    0.489947] serio: i8042 KBD port at 0x60,0x64 irq 1
[    0.490836] serio: i8042 AUX port at 0x60,0x64 irq 12
[    0.491645] mousedev: PS/2 mouse device common for all mice
[    0.492742] input: AT Translated Set 2 keyboard as /devices/platform/i8042/serio0/input/input2
[    0.494986] rtc_cmos rtc_cmos: rtc core: registered rtc_cmos as rtc0
[    0.496059] rtc_cmos rtc_cmos: alarms up to one day, 114 bytes nvram
[    0.497043] i2c /dev entries driver
[    0.497734] device-mapper: uevent: version 1.0.3
[    0.499106] device-mapper: ioctl: 4.37.0-ioctl (2017-09-20) initialised: dm-devel@redhat.com
[    0.500893] ledtrig-cpu: registered to indicate activity on CPUs
[    0.503198] NET: Registered protocol family 10
[    0.507801] Segment Routing with IPv6
[    0.509629] NET: Registered protocol family 17
[    0.511057] Key type dns_resolver registered
[    0.512280] RAS: Correctable Errors collector initialized.
[    0.513189] sched_clock: Marking stable (512234089, 0)->(758251884, -246017795)
[    0.514746] registered taskstats version 1
[    0.515387] Loading compiled-in X.509 certificates
[    0.518229] Loaded X.509 cert 'Build time autogenerated kernel key: c1fa4cde9d34780ae4ae655b856adc042b663c06'
[    0.520119] zswap: loaded using pool lzo/zbud
[    0.524164] Key type big_key registered
[    0.524775] Key type trusted registered
[    0.527538] Key type encrypted registered
[    0.528411] AppArmor: AppArmor sha1 policy hashing enabled
[    0.529294] ima: No TPM chip found, activating TPM-bypass! (rc=-19)
[    0.530214] ima: Allocated hash algorithm: sha1
[    0.530906] evm: HMAC attrs: 0x1
[    0.531641]   Magic number: 8:244:529
[    0.532360] rtc_cmos rtc_cmos: setting system clock to 2020-06-08 11:32:07 UTC (1591615927)
[    0.533803] BIOS EDD facility v0.16 2004-Jun-25, 0 devices found
[    0.534721] EDD information not available.
[    0.954229] Freeing unused kernel image memory: 2408K
[    0.968450] Write protecting the kernel read-only data: 20480k
[    0.971310] Freeing unused kernel image memory: 2008K
[    0.973058] Freeing unused kernel image memory: 1872K
[    0.982738] x86/mm: Checked W+X mappings: passed, no W+X pages found.
[    0.985011] x86/mm: Checking user space page tables
[    0.993894] x86/mm: Checked W+X mappings: passed, no W+X pages found.
Loading, please wait...
starting version 237
[    1.045554] e1000: Intel(R) PRO/1000 Network Driver - version 7.3.21-k8-NAPI
[    1.047641] e1000: Copyright (c) 1999-2006 Intel Corporation.
[    1.054918] Fusion MPT base driver 3.04.20
[    1.056037] Copyright (c) 1999-2008 LSI Corporation
[    1.068869] Fusion MPT SPI Host driver 3.04.20
[    1.072689] AVX2 version of gcm_enc/dec engaged.
[    1.073836] AES CTR mode by8 optimization enabled
[    1.283934] input: ImExPS/2 Generic Explorer Mouse as /devices/platform/i8042/serio1/input/input4
[    1.437830] e1000 0000:00:03.0 eth0: (PCI:33MHz:32-bit) 02:06:b1:f3:7b:7f
[    1.439852] e1000 0000:00:03.0 eth0: Intel(R) PRO/1000 Network Connection
[    2.161321] e1000 0000:00:08.0 eth1: (PCI:33MHz:32-bit) 08:00:27:3a:31:60
[    2.163357] e1000 0000:00:08.0 eth1: Intel(R) PRO/1000 Network Connection
[    2.166202] e1000 0000:00:03.0 enp0s3: renamed from eth0
[    2.168479] mptbase: ioc0: Initiating bringup
[    2.180351] e1000 0000:00:08.0 enp0s8: renamed from eth1
[    2.268733] ioc0: LSI53C1030 A0: Capabilities={Initiator}
[    2.510845] scsi host2: ioc0: LSI53C1030 A0, FwRev=00000000h, Ports=1, MaxQ=256, IRQ=20
[    2.680953] scsi 2:0:0:0: Direct-Access     VBOX     HARDDISK         1.0  PQ: 0 ANSI: 5
[    3.060298] scsi target2:0:0: Beginning Domain Validation
[    3.065020] scsi target2:0:0: Domain Validation skipping write tests
[    3.067016] scsi target2:0:0: Ending Domain Validation
[    3.069050] scsi target2:0:0: asynchronous
[    3.072687] scsi 2:0:1:0: Direct-Access     VBOX     HARDDISK         1.0  PQ: 0 ANSI: 5
[    3.368495] scsi target2:0:1: Beginning Domain Validation
[    3.372271] random: fast init done
[    3.373229] scsi target2:0:1: Domain Validation skipping write tests
[    3.374707] scsi target2:0:1: Ending Domain Validation
[    3.376495] scsi target2:0:1: asynchronous
[    3.381898] random: systemd-udevd: uninitialized urandom read (16 bytes read)
[    3.383492] random: systemd-udevd: uninitialized urandom read (16 bytes read)
[    3.385090] random: systemd-udevd: uninitialized urandom read (16 bytes read)
[    3.387139] sd 2:0:0:0: [sda] 20971520 512-byte logical blocks: (10.7 GB/10.0 GiB)
[    3.387155] sd 2:0:0:0: Attached scsi generic sg0 type 0
[    3.390943] sd 2:0:0:0: [sda] Write Protect is off
[    3.391295] sd 2:0:1:0: [sdb] 20480 512-byte logical blocks: (10.5 MB/10.0 MiB)
[    3.391367] sd 2:0:1:0: [sdb] Write Protect is off
[    3.391502] sd 2:0:1:0: [sdb] Incomplete mode parameter data
[    3.391503] sd 2:0:1:0: [sdb] Assuming drive cache: write through
[    3.393930] sd 2:0:1:0: Attached scsi generic sg1 type 0
[    3.395717] sd 2:0:1:0: [sdb] Attached SCSI disk
[    3.401256] sd 2:0:0:0: [sda] Incomplete mode parameter data
[    3.402752] sd 2:0:0:0: [sda] Assuming drive cache: write through
[    3.406498]  sda: sda1
[    3.408382] sd 2:0:0:0: [sda] Attached SCSI disk
Begin: Loading essential drivers ... [    4.764360] raid6: sse2x1   gen() 13652 MB/s
[    4.812199] raid6: sse2x1   xor()  8508 MB/s
[    4.860179] raid6: sse2x2   gen() 18281 MB/s
[    4.908078] raid6: sse2x2   xor() 11456 MB/s
[    4.956492] raid6: sse2x4   gen() 19167 MB/s
[    5.004029] raid6: sse2x4   xor() 10440 MB/s
[    5.052265] raid6: avx2x1   gen() 24702 MB/s
[    5.100250] raid6: avx2x1   xor() 16817 MB/s
[    5.148202] raid6: avx2x2   gen() 34225 MB/s
[    5.196175] raid6: avx2x2   xor() 22542 MB/s
[    5.244271] raid6: avx2x4   gen() 37824 MB/s
[    5.292577] raid6: avx2x4   xor() 23339 MB/s
[    5.294205] raid6: using algorithm avx2x4 gen() 37824 MB/s
[    5.295100] raid6: .... xor() 23339 MB/s, rmw enabled
[    5.295998] raid6: using avx2x2 recovery algorithm
[    5.298392] xor: automatically using best checksumming function   avx       
[    5.301135] async_tx: api initialized (async)
done.
Begin: Running /scripts/init-premount ... done.
Begin: Mounting root file system ... Begin: Running /scripts/local-top ... done.
Begin: Running /scripts/local-premount ... [    5.332985] Btrfs loaded, crc32c=crc32c-intel
Scanning for Btrfs filesystems
done.
Warning: fsck not present, so skipping root file system
[    5.354594] EXT4-fs (sda1): mounted filesystem with ordered data mode. Opts: (null)
done.
Begin: Running /scripts/local-bottom ... done.
Begin: Running /scripts/init-bottom ... done.
[    5.502500] ip_tables: (C) 2000-2006 Netfilter Core Team
[    5.509363] systemd[1]: systemd 237 running in system mode. (+PAM +AUDIT +SELINUX +IMA +APPARMOR +SMACK +SYSVINIT +UTMP +LIBCRYPTSETUP +GCRYPT +GNUTLS +ACL +XZ +LZ4 +SECCOMP +BLKID +ELFUTILS +KMOD -IDN2 +IDN -PCRE2 default-hierarchy=hybrid)
[    5.512649] systemd[1]: Detected virtualization oracle.
[    5.513480] systemd[1]: Detected architecture x86-64.

Welcome to [1mUbuntu 18.04.2 LTS[0m!

[    5.517690] systemd[1]: Set hostname to <ubuntu>.
[    5.522590] systemd[1]: Initializing machine ID from random generator.
[    5.523622] systemd[1]: Installed transient /etc/machine-id file.
[    5.665908] systemd[1]: Reached target User and Group Name Lookups.
[[0;32m  OK  [0m] Reached target User and Group Name Lookups.
[    5.668694] systemd[1]: Created slice User and Session Slice.
[[0;32m  OK  [0m] Created slice User and Session Slice.
[    5.670550] systemd[1]: Reached target Swap.
[[0;32m  OK  [0m] Reached target Swap.
[    5.671779] systemd[1]: Started Forward Password Requests to Wall Directory Watch.
[[0;32m  OK  [0m] Started Forward Password Requests to Wall Directory Watch.
[[0;32m  OK  [0m] Created slice System Slice.
[[0;32m  OK  [0m] Listening on Journal Audit Socket.
[[0;32m  OK  [0m] Listening on udev Control Socket.
[[0;32m  OK  [0m] Listening on Syslog Socket.
[[0;32m  OK  [0m] Listening on Journal Socket (/dev/log).
[[0;32m  OK  [0m] Listening on Network Service Netlink Socket.
[[0;32m  OK  [0m] Listening on Journal Socket.
         Starting Remount Root and Kernel File Systems...
         Starting Create list of required st…ce nodes for the current kernel...
         Mounting POSIX Message Queue File System...
         Mounting Kernel Debug File System...
         Mounting Huge Pages File System...
[[0;32m  OK  [0m] Listening on LVM2 metadata daemon socket.
[[0;32m  OK  [0m] Reached target Slices.
[[0;32m  OK  [0m] Listening on LVM2 poll daemon socket.
[[0;32m  OK  [0m] Listening on udev Kernel Socket.
         Starting Uncomplicated firewall...
[[0;32m  OK  [0m] Listening on Device-mapper event daemon FIFOs.
         Starting Monitoring of LVM2 mirrors…ng dmeventd or progress polling...
[[0;32m  OK  [0m] Listening on /dev/initctl Compatibility Named Pipe.
         Starting Set the console keyboard layout...
         Starting Journal Service...
[    5.836949] EXT4-fs (sda1): re-mounted. Opts: (null)
         Starting Load Kernel Modules...
[[0;32m  OK  [0m] Created slice system-serial\x2dgetty.slice.
[[0;32m  OK  [0m] Set up automount Arbitrary Executab…rmats File System Automount Point.
[[0;32m  OK  [0m] Reached target System Time Synchronized.
         Starting udev Coldplug all Devices...
[[0;32m  OK  [0m] Started Remount Root and Kernel File Systems.
[[0;32m  OK  [0m] Started Create list of required sta…vice nodes for the current kernel.
[[0;32m  OK  [0m] Mounted POSIX Message Queue File System.
[[0;32m  OK  [0m] Mounted Kernel Debug File System.
[[0;32m  OK  [0m] Mounted Huge Pages File System.
[[0;32m  OK  [0m] Started Uncomplicated firewall.
         Starting Create Static Device Nodes in /dev...
         Starting Load/Save Random Seed...
[    5.906208] Loading iSCSI transport class v2.0-870.
[    5.912457] iscsi: registered transport (tcp)
[[0;32m  OK  [0m] Started Journal Service.
[[0;32m  OK  [0m] Started Create Static Device Nodes in /dev.
[[0;32m  OK  [0m] Started LVM2 metadata daemon.
         Starting udev Kernel Device Manager...
         Starting Flush Journal to Persistent Storage...
[    5.973853] iscsi: registered transport (iser)
[[0;32m  OK  [0m] Started Load Kernel Modules.
[[0;32m  OK  [0m] Started Load/Save Random Seed.
         Mounting FUSE Control File System...
         Mounting Kernel Configuration File System...
         Starting Apply Kernel Variables...
[[0;32m  OK  [0m] Mounted FUSE Control File System.
[[0;32m  OK  [0m] Mounted Kernel Configuration File System.
[[0;32m  OK  [0m] Started udev Coldplug all Devices.
[[0;32m  OK  [0m] Started udev Kernel Device Manager.
[    6.049259] systemd-journald[399]: Received request to flush runtime journal from PID 1
[[0;32m  OK  [0m] Started Monitoring of LVM2 mirrors,…sing dmeventd or progress polling.
[[0;32m  OK  [0m] Started Apply Kernel Variables.
[[0;32m  OK  [0m] Started Flush Journal to Persistent Storage.
[[0;32m  OK  [0m] Started Set the console keyboard layout.
[[0;32m  OK  [0m] Reached target Local File Systems (Pre).
[[0;32m  OK  [0m] Reached target Local File Systems.
         Starting Tell Plymouth To Write Out Runtime Data...
         Starting ebtables ruleset management...
         Starting AppArmor initialization...
         Starting Commit a transient machine-id on disk...
         Starting Create Volatile Files and Directories...
         Starting Set console font and keymap...
[[0;32m  OK  [0m] Started Dispatch Password Requests to Console Directory Watch.
[[0;32m  OK  [0m] Reached target Local Encrypted Volumes.
[[0;32m  OK  [0m] Started Tell Plymouth To Write Out Runtime Data.
[[0;32m  OK  [0m] Started Set console font and keymap.
[[0;32m  OK  [0m] Started Create Volatile Files and Directories.
         Starting Update UTMP about System Boot/Shutdown...
[[0;32m  OK  [0m] Started Update UTMP about System Boot/Shutdown.
[[0;32m  OK  [0m] Found device /dev/ttyS0.
[[0;32m  OK  [0m] Started Commit a transient machine-id on disk.
[[0;32m  OK  [0m] Started ebtables ruleset management.
[[0;32m  OK  [0m] Listening on Load/Save RF Kill Switch Status /dev/rfkill Watch.
[[0;32m  OK  [0m] Started AppArmor initialization.
         Starting Initial cloud-init job (pre-networking)...
[    7.670300] cloud-init[547]: Cloud-init v. 19.1-1-gbaa47854-0ubuntu1~18.04.1 running 'init-local' at Mon, 08 Jun 2020 11:32:14 +0000. Up 7.40 seconds.
[[0;32m  OK  [0m] Started Initial cloud-init job (pre-networking).
[[0;32m  OK  [0m] Reached target Network (Pre).
         Starting Network Service...
[[0;32m  OK  [0m] Started Network Service.
         Starting Network Name Resolution...
         Starting Wait for Network to be Configured...
[[0;32m  OK  [0m] Started Network Name Resolution.
[[0;32m  OK  [0m] Reached target Network.
[[0;32m  OK  [0m] Reached target Host and Network Name Lookups.
[[0;32m  OK  [0m] Started Wait for Network to be Configured.
         Starting Initial cloud-init job (metadata service crawler)...
[    9.601494] cloud-init[665]: Cloud-init v. 19.1-1-gbaa47854-0ubuntu1~18.04.1 running 'init' at Mon, 08 Jun 2020 11:32:16 +0000. Up 9.50 seconds.
[    9.603375] cloud-init[665]: ci-info: ++++++++++++++++++++++++++++++++++++++Net device info++++++++++++++++++++++++++++++++++++++
[    9.616472] cloud-init[665]: ci-info: +--------+-------+---------------------------+---------------+--------+-------------------+
[    9.629528] cloud-init[665]: ci-info: | Device |   Up  |          Address          |      Mask     | Scope  |     Hw-Address    |
[    9.644176] cloud-init[665]: ci-info: +--------+-------+---------------------------+---------------+--------+-------------------+
[    9.660284] cloud-init[665]: ci-info: | enp0s3 |  True |         10.0.2.15         | 255.255.255.0 | global | 02:06:b1:f3:7b:7f |
[    9.661909] cloud-init[665]: ci-info: | enp0s3 |  True | fe80::6:b1ff:fef3:7b7f/64 |       .       |  link  | 02:06:b1:f3:7b:7f |
[    9.663771] cloud-init[665]: ci-info: | enp0s8 | False |             .             |       .       |   .    | 08:00:27:3a:31:60 |
[    9.665644] cloud-init[665]: ci-info: |   lo   |  True |         127.0.0.1         |   255.0.0.0   |  host  |         .         |
[    9.667522] cloud-init[665]: ci-info: |   lo   |  True |          ::1/128          |       .       |  host  |         .         |
[    9.669630] cloud-init[665]: ci-info: +--------+-------+---------------------------+---------------+--------+-------------------+
[    9.671549] cloud-init[665]: ci-info: ++++++++++++++++++++++++++++Route IPv4 info+++++++++++++++++++++++++++++
[    9.673294] cloud-init[665]: ci-info: +-------+-------------+----------+-----------------+-----------+-------+
[    9.674600] cloud-init[665]: ci-info: | Route | Destination | Gateway  |     Genmask     | Interface | Flags |
[    9.688278] cloud-init[665]: ci-info: +-------+-------------+----------+-----------------+-----------+-------+
[    9.690024] cloud-init[665]: ci-info: |   0   |   0.0.0.0   | 10.0.2.2 |     0.0.0.0     |   enp0s3  |   UG  |
[    9.691790] cloud-init[665]: ci-info: |   1   |   10.0.2.0  | 0.0.0.0  |  255.255.255.0  |   enp0s3  |   U   |
[    9.693438] cloud-init[665]: ci-info: |   2   |   10.0.2.2  | 0.0.0.0  | 255.255.255.255 |   enp0s3  |   UH  |
[    9.704206] cloud-init[665]: ci-info: +-------+-------------+----------+-----------------+-----------+-------+
[    9.705162] cloud-init[665]: ci-info: +++++++++++++++++++Route IPv6 info+++++++++++++++++++
[    9.716237] cloud-init[665]: ci-info: +-------+-------------+---------+-----------+-------+
[    9.733841] cloud-init[665]: ci-info: | Route | Destination | Gateway | Interface | Flags |
[    9.734508] cloud-init[665]: ci-info: +-------+-------------+---------+-----------+-------+
[    9.735287] cloud-init[665]: ci-info: |   1   |  fe80::/64  |    ::   |   enp0s3  |   U   |
[    9.736434] cloud-init[665]: ci-info: |   3   |    local    |    ::   |   enp0s3  |   U   |
[    9.737775] cloud-init[665]: ci-info: |   4   |   ff00::/8  |    ::   |   enp0s3  |   U   |
[    9.739089] cloud-init[665]: ci-info: +-------+-------------+---------+-----------+-------+
[   10.233426] cloud-init[665]: Generating public/private rsa key pair.
[   10.244603] cloud-init[665]: Your identification has been saved in /etc/ssh/ssh_host_rsa_key.
[   10.245372] cloud-init[665]: Your public key has been saved in /etc/ssh/ssh_host_rsa_key.pub.
[   10.257770] cloud-init[665]: The key fingerprint is:
[   10.258427] cloud-init[665]: SHA256:wrQHvoDG1wZSKC19+cO7qv7OIr/LfRV6Kef1YUkrNLU root@ubuntu-bionic
[   10.259367] cloud-init[665]: The key's randomart image is:
[[   10.268849] cloud-init[665]: +---[RSA 2048]----+
[0;32m  OK  [0m] [   10.268953] Started Initial cloud-init job (metadata service crawler).cloud-init
[665]: | o ...           |
[[0;32m  OK  [0m] Reached target System Initialization.
[   10.280863] cloud-init[665]: |o +.o       .    |
[[   10.308276] cloud-init[665]: | o...oo    . .   |
[0;32m  OK  [0m] [   10.308405] Listening on UUID daemon activation socket.cloud-init
[665]: | . o *+o. o E    |
[[   10.320654] [0;32m  OK  [0mcloud-init] [665]: Started Daily apt download activities.|  + o B+S+ o o   |

[[   10.320845] cloud-init[665]: | . . o++= o =    |
[0;32m  OK  [0m] Listening on D-Bus System Message Bus Socket.
[   10.341985] cloud-init[665]: |      .B . + .   |
[[   10.364538] [0;32m  OK  [0mcloud-init[665]: ] |...o  o .   .    |Started Message of the Day.

[   10.364649] cloud-init[665]: | +BB*o           |
[[0;32m  OK  [0m] Listening on Open-iSCSI iscsid Socket.
[   10.377428] cloud-init[665]: +----[SHA256]-----+
[   10.389004] cloud-init[665]: Generating public/private dsa key pair.
[   10.390022] cloud-init[665]: Your identification has been saved in /etc/ssh/ssh_host_dsa_key.
[   10.391506] cloud-init[665]: Your public key has been saved in /etc/ssh/ssh_host_dsa_key.pub.
[   10.393086] cloud-init[665]: The key fingerprint is:
[   10.393819] cloud-init[665]: SHA256:hKfqZDCGvnyyzL0zQcRY6oug+xQoN/TYYf6lTb2trVQ root@ubuntu-bionic
[   10.404348] cloud-init[665]: The key's randomart image is:
[   10.404409] cloud-init[665]: +---[DSA 1024]----+
         Starting Socket activation for snappy daemon.
[   10.404523] cloud-init[665]: |  +.             |
[   10.406561] cloud-init[665]: | ..o   .         |
[   10.406634] cloud-init[665]: | .o o . o        |
[[0;32m  OK  [0m] Listening on ACPID Listen Socket.
[   10.406803] cloud-init[665]: |.+ B . + .       |
[[   10.417460] cloud-init[665]: |=.X + . S . E    |
[   10.417583] cloud-init[665]: |*o.* o =   +     |
[0;32m  OK  [0m] Started Daily Cleanup of Temporary Directories.
[   10.417728] cloud-init[665]: |oo. = o . o .    |
[[0;32m  OK  [0m] Started Daily apt upgrade and clean activities.
[   10.440244] cloud-init[665]: |++oB     . o     |
[   10.441345] cloud-init[665]: |.B=o=     o..    |
         [   10.452591] Starting LXD - unix socket.cloud-init
[665]: +----[SHA256]-----+
[   10.453408] cloud-init[665]: Generating public/private ecdsa key pair.
[   10.454406] cloud-init[665]: Your identification has been saved in /etc/ssh/ssh_host_ecdsa_key.
[[   10.468810] [0;32m  OK  [0mcloud-init] [665]: Started ACPI Events Check.
Your public key has been saved in /etc/ssh/ssh_host_ecdsa_key.pub.
[   10.470026] cloud-init[665]: The key fingerprint is:
[   10.470100] cloud-init[665]: SHA256:+OJvAeL2vxgHPavbEsqbX4y0bZu9g93Yl+iLjebORGk root@ubuntu-bionic
[[0;32m  OK  [0m] Reached target Paths.
[   10.470248] cloud-init[665]: The key's randomart image is:
[[   10.492433] [0;32m  OK  [0mcloud-init] [665]: Started Discard unused blocks once a week.+---[ECDSA 256]---+

[[0;32m  OK  [0m] Reached target Timers.
[   10.504674] cloud-init[665]: |                 |
[[   10.505613] cloud-init[665]: |                 |
[   10.505686] cloud-init[665]: |                 |[0;32m  OK  [0m
] Reached target Network is Online.
[   10.505791] cloud-init[665]: |    . .o   .     |
[   10.508714] cloud-init[665]: |   . .+.S E      |
[[   10.509640] cloud-init[665]: |    o..B.=       |
[   10.509718] cloud-init[665]: |   o o=.O+.+ . . |
[   10.510317] cloud-init[665]: |    oooXo*=++ o  |
[   10.510908] cloud-init[665]: |    oo**B=O++o   |
[   10.511515] cloud-init[665]: +----[SHA256]-----+
[   10.512533] cloud-init[665]: Generating public/private ed25519 key pair.
[   10.513125] cloud-init[665]: Your identification has been saved in /etc/ssh/ssh_host_ed25519_key.
[   10.513714] cloud-init[665]: Your public key has been saved in /etc/ssh/ssh_host_ed25519_key.pub.
[   10.514310] cloud-init[665]: The key fingerprint is:
[   10.514917] cloud-init[665]: SHA256:4I2Nd2uXR9zDGGMHmxNlqkRFy01hQ3+uITdTLdnshqM root@ubuntu-bionic
[   10.515507] cloud-init[665]: The key's randomart image is:
[   10.516314] cloud-init[665]: +--[ED25519 256]--+
[   10.516905] cloud-init[665]: |           .o=oO.|
[   10.517501] cloud-init[665]: |          . . %++|
[   10.518095] cloud-init[665]: |      .    . @ooB|
[   10.518919] cloud-init[665]: |     . *  . o.BB.|
[   10.519544] cloud-init[665]: |      + S ....Xo=|
[   10.520344] cloud-init[665]: |       . . . * B.|
[   10.520926] cloud-init[665]: |          o E o  |
[   10.521518] cloud-init[665]: |         . . .   |
[   10.522143] cloud-init[665]: |                 |
[   10.522695] cloud-init[665]: +----[SHA256]-----+
[0;32m  OK  [0m] Reached target Remote File Systems (Pre).
[[0;32m  OK  [0m] Reached target Remote File Systems.
         Starting Availability of block devices...
[[0;32m  OK  [0m] Reached target Cloud-config availability.
[[0;32m  OK  [0m] Listening on Socket activation for snappy daemon.
[[0;32m  OK  [0m] Listening on LXD - unix socket.
[[0;32m  OK  [0m] Started Availability of block devices.
[[0;32m  OK  [0m] Reached target Sockets.
[[0;32m  OK  [0m] Reached target Basic System.
[[0;32m  OK  [0m] Started D-Bus System Message Bus.
         Starting Permit User Sessions...
         Starting Pollinate to seed the pseudo random number generator...
         Starting LSB: automatic crash report generation...
[[0;32m  OK  [0m] Started Deferred execution scheduler.
         Starting Login Service...
[[0;32m  OK  [0m] Started FUSE filesystem for LXC.
[[0;32m  OK  [0m] Started Regular background program processing daemon.
         Starting Dispatcher daemon for systemd-networkd...
         Starting System Logging Service...
         Starting Virtualbox guest utils...
[[0;32m  OK  [0m] Started irqbalance daemon.
         Starting Accounts Service...
         Starting LSB: Record successful boot for GRUB...
         Starting LXD - container startup/shutdown...
         Starting Snappy daemon...
[[0;32m  OK  [0m] Started System Logging Service.
[[0;32m  OK  [0m] Started Permit User Sessions.
[[0;32m  OK  [0m] Started Login Service.
[[0;32m  OK  [0m] Started Unattended Upgrades Shutdown.
         Starting Terminate Plymouth Boot Screen...
         Starting Hold until boot process finishes up...
[[0;32m  OK  [0m] Started Terminate Plymouth Boot Screen.
[[0;32m  OK  [0m] Started Hold until boot process finishes up.
[[0;32m  OK  [0m] Started LXD - container startup/shutdown.
         Starting Authorization Manager...
         Starting Set console scheme...
[[0;32m  OK  [0m] Started Serial Getty on ttyS0.
[[0;32m  OK  [0m] Started Set console scheme.
[[0;32m  OK  [0m] Started LSB: automatic crash report generation.
[[0;32m  OK  [0m] Created slice system-getty.slice.
[[0;32m  OK  [0m] Started Getty on tty1.
[[0;32m  OK  [0m] Reached target Login Prompts.
[[0;32m  OK  [0m] Started Dispatcher daemon for systemd-networkd.
[[0;32m  OK  [0m] Started Authorization Manager.
[[0;32m  OK  [0m] Started LSB: Record successful boot for GRUB.
[[0;32m  OK  [0m] Started Accounts Service.
[[0;32m  OK  [0m] Started Virtualbox guest utils.
[[0;32m  OK  [0m] Started Snappy daemon.
         Starting Wait until snapd is fully seeded...
[[0;32m  OK  [0m] Started Pollinate to seed the pseudo random number generator.
         Starting OpenBSD Secure Shell server...
[[0;32m  OK  [0m] Started OpenBSD Secure Shell server.
[[0;32m  OK  [0m] Created slice User Slice of vagrant.
         Starting User Manager for UID 1000...
[[0;32m  OK  [0m] Started Session 1 of user vagrant.
[[0;32m  OK  [0m] Started User Manager for UID 1000.
[[0;32m  OK  [0m] Started Wait until snapd is fully seeded.
         Starting Apply the settings specified in cloud-config...
[[0;32m  OK  [0m] Reached target Multi-User System.
[[0;32m  OK  [0m] Reached target Graphical Interface.
         Starting Update UTMP about System Runlevel Changes...
[[0;32m  OK  [0m] Started Update UTMP about System Runlevel Changes.
[   13.562127] cloud-init[1316]: Cloud-init v. 19.1-1-gbaa47854-0ubuntu1~18.04.1 running 'modules:config' at Mon, 08 Jun 2020 11:32:20 +0000. Up 13.25 seconds.
[[0;32m  OK  [0m] Started Apply the settings specified in cloud-config.
         Starting Execute cloud user/final scripts...
         Stopping User Manager for UID 1000...
[[0;32m  OK  [0m] Stopped User Manager for UID 1000.
[[0;32m  OK  [0m] Removed slice User Slice of vagrant.
ci-info: no authorized ssh keys fingerprints found for user ubuntu.
<14>Jun  8 11:32:20 ec2: 
<14>Jun  8 11:32:20 ec2: #############################################################
<14>Jun  8 11:32:20 ec2: -----BEGIN SSH HOST KEY FINGERPRINTS-----
<14>Jun  8 11:32:20 ec2: 1024 SHA256:hKfqZDCGvnyyzL0zQcRY6oug+xQoN/TYYf6lTb2trVQ root@ubuntu-bionic (DSA)
<14>Jun  8 11:32:20 ec2: 256 SHA256:+OJvAeL2vxgHPavbEsqbX4y0bZu9g93Yl+iLjebORGk root@ubuntu-bionic (ECDSA)
<14>Jun  8 11:32:20 ec2: 256 SHA256:4I2Nd2uXR9zDGGMHmxNlqkRFy01hQ3+uITdTLdnshqM root@ubuntu-bionic (ED25519)
<14>Jun  8 11:32:20 ec2: 2048 SHA256:wrQHvoDG1wZSKC19+cO7qv7OIr/LfRV6Kef1YUkrNLU root@ubuntu-bionic (RSA)
<14>Jun  8 11:32:20 ec2: -----END SSH HOST KEY FINGERPRINTS-----
<14>Jun  8 11:32:20 ec2: #############################################################
-----BEGIN SSH HOST KEY KEYS-----
ecdsa-sha2-nistp256 AAAAE2VjZHNhLXNoYTItbmlzdHAyNTYAAAAIbmlzdHAyNTYAAABBBG9jfwRSSxSiI7Hvwlu9pie2Y6Xy0iNtGoPvLTxSr4B2cDNC7d3kgPV54JOIrQtJcSo4JPVqSWnVEcLiUHXqjHg= root@ubuntu-bionic
ssh-ed25519 AAAAC3NzaC1lZDI1NTE5AAAAIOyI/ivtfXn3xw/8/ATqpxrYOJPry3HGMEE17gm0SLGA root@ubuntu-bionic
ssh-rsa AAAAB3NzaC1yc2EAAAADAQABAAABAQC/SUQEFssRftUCJxgvhFPro/96vfiJZ/1+q7UGmLE+AIQm+tZov6qIP7HlhhLMuBBjO13MwqdTSz686R3qrq/HtG70A1mT8i0zoX9FyA4dlTUlUjxs65aIBiAVUgYAnfNXrr7qdzvgoLWa4BLf8LrH6/XOSfEi2fCpGtqH+bjoxXqxavKF8s2S9eQohG/ipDLBqKfg6iLRVL5XBhp89W+17TAI3m/MQVUGsJFiNPeLIESJnPyrFCeSQiY0NZ0PuwpN8gRtKkEVm2Wn3JWnvLK8R+3reom6DCHZW+EZS+zu9rAJCNHfAFmv97lze+72gm40LRiKYd3cQeH0qlitFC1V root@ubuntu-bionic
-----END SSH HOST KEY KEYS-----
[   14.055059] cloud-init[1474]: Cloud-init v. 19.1-1-gbaa47854-0ubuntu1~18.04.1 running 'modules:final' at Mon, 08 Jun 2020 11:32:20 +0000. Up 13.89 seconds.
[   14.068674] cloud-init[1474]: ci-info: no authorized ssh keys fingerprints found for user ubuntu.
[   14.070090] cloud-init[1474]: Cloud-init v. 19.1-1-gbaa47854-0ubuntu1~18.04.1 finished at Mon, 08 Jun 2020 11:32:21 +0000. Datasource DataSourceNoCloud [seed=/dev/sdb][dsmode=net].  Up 14.05 seconds
[[0;32m  OK  [0m] Started Execute cloud user/final scripts.
[[0;32m  OK  [0m] Reached target Cloud-init target.

Ubuntu 18.04.2 LTS ubuntu-bionic ttyS0

ubuntu-bionic login: 